<?xml version="1.0" encoding="UTF-8"?>
<testsuite name="com.example.a1.api.DateControllerTest" tests="8" skipped="0" failures="0" errors="0" timestamp="2022-11-17T00:55:35" hostname="aarushis-mbp.wifi.local.cmu.edu" time="1.826">
  <properties/>
  <testcase name="getMonthSuccess()" classname="com.example.a1.api.DateControllerTest" time="1.591"/>
  <testcase name="getDayFail()" classname="com.example.a1.api.DateControllerTest" time="0.078"/>
  <testcase name="getDaySuccess()" classname="com.example.a1.api.DateControllerTest" time="0.022"/>
  <testcase name="getDateSuccess()" classname="com.example.a1.api.DateControllerTest" time="0.031"/>
  <testcase name="getMonthFail()" classname="com.example.a1.api.DateControllerTest" time="0.021"/>
  <testcase name="getDateFail()" classname="com.example.a1.api.DateControllerTest" time="0.019"/>
  <testcase name="getYearSuccess()" classname="com.example.a1.api.DateControllerTest" time="0.024"/>
  <testcase name="getYearFail()" classname="com.example.a1.api.DateControllerTest" time="0.026"/>
  <system-out><![CDATA[
  .   ____          _            __ _ _
 /\\ / ___'_ __ _ _(_)_ __  __ _ \ \ \ \
( ( )\___ | '_ | '_| | '_ \/ _` | \ \ \ \
 \\/  ___)| |_)| | | | | || (_| |  ) ) ) )
  '  |____| .__|_| |_|_| |_\__, | / / / /
 =========|_|==============|___/=/_/_/_/
 :: Spring Boot ::                (v2.7.5)

2022-11-16 19:55:32.317  INFO 23650 --- [    Test worker] w.o.g.p.i.worker.GradleWorkerMain        : Starting GradleWorkerMain using Java 17.0.3 on aarushis-mbp.wifi.local.cmu.edu with PID 23650 (started by aarushi in /Users/aarushi/Desktop/A1)
2022-11-16 19:55:32.323  INFO 23650 --- [    Test worker] w.o.g.p.i.worker.GradleWorkerMain        : No active profile set, falling back to 1 default profile: "default"
2022-11-16 19:55:34.308  INFO 23650 --- [    Test worker] o.s.b.w.embedded.tomcat.TomcatWebServer  : Tomcat initialized with port(s): 8080 (http)
2022-11-16 19:55:34.333  INFO 23650 --- [    Test worker] o.apache.catalina.core.StandardService   : Starting service [Tomcat]
2022-11-16 19:55:34.336  INFO 23650 --- [    Test worker] org.apache.catalina.core.StandardEngine  : Starting Servlet engine: [Apache Tomcat/9.0.68]
2022-11-16 19:55:34.494  INFO 23650 --- [    Test worker] o.a.c.c.C.[Tomcat].[localhost].[/]       : Initializing Spring embedded WebApplicationContext
2022-11-16 19:55:34.494  INFO 23650 --- [    Test worker] w.s.c.ServletWebServerApplicationContext : Root WebApplicationContext: initialization completed in 1596 ms
2022-11-16 19:55:35.025  INFO 23650 --- [    Test worker] o.s.b.w.embedded.tomcat.TomcatWebServer  : Tomcat started on port(s): 8080 (http) with context path ''
2022-11-16 19:55:35.040  INFO 23650 --- [    Test worker] w.o.g.p.i.worker.GradleWorkerMain        : Started GradleWorkerMain in 3.484 seconds (JVM running for 5.141)
2022-11-16 19:55:36.445  INFO 23650 --- [nio-8080-exec-1] o.a.c.c.C.[Tomcat].[localhost].[/]       : Initializing Spring DispatcherServlet 'dispatcherServlet'
2022-11-16 19:55:36.445  INFO 23650 --- [nio-8080-exec-1] o.s.web.servlet.DispatcherServlet        : Initializing Servlet 'dispatcherServlet'
2022-11-16 19:55:36.447  INFO 23650 --- [nio-8080-exec-1] o.s.web.servlet.DispatcherServlet        : Completed initialization in 2 ms
2022-11-16 19:55:36.666  WARN 23650 --- [nio-8080-exec-2] .w.s.m.s.DefaultHandlerExceptionResolver : Resolved [org.springframework.web.bind.MissingServletRequestParameterException: Required request parameter 'type' for method parameter type String is not present]
16
2022-11-16 19:55:36.797  WARN 23650 --- [nio-8080-exec-5] .w.s.m.s.DefaultHandlerExceptionResolver : Resolved [org.springframework.web.bind.MissingServletRequestParameterException: Required request parameter 'type' for method parameter type String is not present]
2022-11-16 19:55:36.818  WARN 23650 --- [nio-8080-exec-6] .w.s.m.s.DefaultHandlerExceptionResolver : Resolved [org.springframework.web.bind.MissingServletRequestParameterException: Required request parameter 'type' for method parameter type String is not present]
2022-11-16 19:55:36.871  WARN 23650 --- [nio-8080-exec-8] .w.s.m.s.DefaultHandlerExceptionResolver : Resolved [org.springframework.web.bind.MissingServletRequestParameterException: Required request parameter 'type' for method parameter type String is not present]
2022-11-16 19:55:36.887  INFO 23650 --- [    Test worker] o.apache.catalina.core.StandardService   : Stopping service [Tomcat]
2022-11-16 19:55:36.891  INFO 23650 --- [    Test worker] o.a.c.c.C.[Tomcat].[localhost].[/]       : Destroying Spring FrameworkServlet 'dispatcherServlet'
]]></system-out>
  <system-err><![CDATA[]]></system-err>
</testsuite>
